<?xml version="1.0" encoding="UTF-8"?>
<testng-results ignored="0" total="1" passed="1" failed="0" skipped="0">
  <reporter-output>
  </reporter-output>
  <suite started-at="2024-03-08T18:53:37 IST" name="Default suite" finished-at="2024-03-08T18:53:41 IST" duration-ms="4192">
    <groups>
    </groups>
    <test started-at="2024-03-08T18:53:37 IST" name="Default test" finished-at="2024-03-08T18:53:41 IST" duration-ms="4192">
      <class name="dayonerestassured.CreatingPostRequest">
        <test-method signature="PostRequestusingOrgJson()[pri:1, instance:dayonerestassured.CreatingPostRequest@661972b0]" started-at="2024-03-08T18:53:37 IST" name="PostRequestusingOrgJson" finished-at="2024-03-08T18:53:41 IST" duration-ms="4120" status="PASS">
          <reporter-output>
          </reporter-output>
        </test-method> <!-- PostRequestusingOrgJson -->
      </class> <!-- dayonerestassured.CreatingPostRequest -->
    </test> <!-- Default test -->
  </suite> <!-- Default suite -->
</testng-results>
